[17-Feb-2023 06:50:20 UTC] PHP Deprecated:  dirname(): Passing null to parameter #1 ($path) of type string is deprecated in /var/www/html/deansluyterWP/wordpress/wp-content/plugins/gravityforms/includes/addon/class-gf-addon.php on line 6400
[17-Feb-2023 06:50:20 UTC] PHP Deprecated:  basename(): Passing null to parameter #1 ($path) of type string is deprecated in /var/www/html/deansluyterWP/wordpress/wp-content/plugins/gravityforms/includes/addon/class-gf-addon.php on line 6404
[17-Feb-2023 06:50:21 UTC] PHP Deprecated:  dirname(): Passing null to parameter #1 ($path) of type string is deprecated in /var/www/html/deansluyterWP/wordpress/wp-content/plugins/gravityforms/includes/addon/class-gf-addon.php on line 6400
[17-Feb-2023 06:50:21 UTC] PHP Deprecated:  basename(): Passing null to parameter #1 ($path) of type string is deprecated in /var/www/html/deansluyterWP/wordpress/wp-content/plugins/gravityforms/includes/addon/class-gf-addon.php on line 6404
[17-Feb-2023 06:50:28 UTC] PHP Deprecated:  dirname(): Passing null to parameter #1 ($path) of type string is deprecated in /var/www/html/deansluyterWP/wordpress/wp-content/plugins/gravityforms/includes/addon/class-gf-addon.php on line 6400
[17-Feb-2023 06:50:28 UTC] PHP Deprecated:  basename(): Passing null to parameter #1 ($path) of type string is deprecated in /var/www/html/deansluyterWP/wordpress/wp-content/plugins/gravityforms/includes/addon/class-gf-addon.php on line 6404
[17-Feb-2023 06:50:28 UTC] PHP Deprecated:  preg_replace(): Passing null to parameter #3 ($subject) of type array|string is deprecated in /var/www/html/deansluyterWP/wordpress/wp-includes/formatting.php on line 5397
[17-Feb-2023 06:50:28 UTC] PHP Deprecated:  trim(): Passing null to parameter #1 ($string) of type string is deprecated in /var/www/html/deansluyterWP/wordpress/wp-includes/pluggable.php on line 598
[17-Feb-2023 06:50:28 UTC] PHP Deprecated:  Constant FILTER_SANITIZE_STRING is deprecated in /var/www/html/deansluyterWP/wordpress/wp-content/plugins/constant-contact-forms/includes/class-settings.php on line 772
[17-Feb-2023 06:50:28 UTC] PHP Deprecated:  dirname(): Passing null to parameter #1 ($path) of type string is deprecated in /var/www/html/deansluyterWP/wordpress/wp-content/plugins/gravityforms/includes/addon/class-gf-addon.php on line 6400
[17-Feb-2023 06:50:28 UTC] PHP Deprecated:  basename(): Passing null to parameter #1 ($path) of type string is deprecated in /var/www/html/deansluyterWP/wordpress/wp-content/plugins/gravityforms/includes/addon/class-gf-addon.php on line 6404
[17-Feb-2023 06:50:28 UTC] PHP Deprecated:  Constant FILTER_SANITIZE_STRING is deprecated in /var/www/html/deansluyterWP/wordpress/wp-content/plugins/constant-contact-forms/includes/class-settings.php on line 772
[17-Feb-2023 06:52:13 UTC] PHP Deprecated:  dirname(): Passing null to parameter #1 ($path) of type string is deprecated in /var/www/html/deansluyterWP/wordpress/wp-content/plugins/gravityforms/includes/addon/class-gf-addon.php on line 6400
[17-Feb-2023 06:52:13 UTC] PHP Deprecated:  basename(): Passing null to parameter #1 ($path) of type string is deprecated in /var/www/html/deansluyterWP/wordpress/wp-content/plugins/gravityforms/includes/addon/class-gf-addon.php on line 6404
[17-Feb-2023 06:52:13 UTC] PHP Deprecated:  Constant FILTER_SANITIZE_STRING is deprecated in /var/www/html/deansluyterWP/wordpress/wp-content/plugins/constant-contact-forms/includes/class-settings.php on line 772
[17-Feb-2023 06:52:27 UTC] PHP Deprecated:  dirname(): Passing null to parameter #1 ($path) of type string is deprecated in /var/www/html/deansluyterWP/wordpress/wp-content/plugins/gravityforms/includes/addon/class-gf-addon.php on line 6400
[17-Feb-2023 06:52:27 UTC] PHP Deprecated:  basename(): Passing null to parameter #1 ($path) of type string is deprecated in /var/www/html/deansluyterWP/wordpress/wp-content/plugins/gravityforms/includes/addon/class-gf-addon.php on line 6404
[17-Feb-2023 06:52:27 UTC] PHP Deprecated:  preg_replace(): Passing null to parameter #3 ($subject) of type array|string is deprecated in /var/www/html/deansluyterWP/wordpress/wp-includes/formatting.php on line 5397
[17-Feb-2023 06:52:27 UTC] PHP Deprecated:  trim(): Passing null to parameter #1 ($string) of type string is deprecated in /var/www/html/deansluyterWP/wordpress/wp-includes/pluggable.php on line 598
[17-Feb-2023 06:52:27 UTC] PHP Deprecated:  Constant FILTER_SANITIZE_STRING is deprecated in /var/www/html/deansluyterWP/wordpress/wp-content/plugins/constant-contact-forms/includes/class-settings.php on line 772
[17-Feb-2023 06:52:28 UTC] PHP Deprecated:  dirname(): Passing null to parameter #1 ($path) of type string is deprecated in /var/www/html/deansluyterWP/wordpress/wp-content/plugins/gravityforms/includes/addon/class-gf-addon.php on line 6400
[17-Feb-2023 06:52:28 UTC] PHP Deprecated:  basename(): Passing null to parameter #1 ($path) of type string is deprecated in /var/www/html/deansluyterWP/wordpress/wp-content/plugins/gravityforms/includes/addon/class-gf-addon.php on line 6404
[17-Feb-2023 06:52:28 UTC] PHP Deprecated:  Constant FILTER_SANITIZE_STRING is deprecated in /var/www/html/deansluyterWP/wordpress/wp-content/plugins/constant-contact-forms/includes/class-settings.php on line 772
[17-Feb-2023 06:56:15 UTC] PHP Deprecated:  dirname(): Passing null to parameter #1 ($path) of type string is deprecated in /var/www/html/deansluyterWP/wordpress/wp-content/plugins/gravityforms/includes/addon/class-gf-addon.php on line 6400
[17-Feb-2023 06:56:15 UTC] PHP Deprecated:  basename(): Passing null to parameter #1 ($path) of type string is deprecated in /var/www/html/deansluyterWP/wordpress/wp-content/plugins/gravityforms/includes/addon/class-gf-addon.php on line 6404
[17-Feb-2023 06:56:16 UTC] PHP Deprecated:  Return type of Requests_Cookie_Jar::offsetExists($key) should either be compatible with ArrayAccess::offsetExists(mixed $offset): bool, or the #[\ReturnTypeWillChange] attribute should be used to temporarily suppress the notice in /var/www/html/deansluyterWP/wordpress/wp-includes/Requests/Cookie/Jar.php on line 63
[17-Feb-2023 06:56:16 UTC] PHP Deprecated:  Return type of Requests_Cookie_Jar::offsetGet($key) should either be compatible with ArrayAccess::offsetGet(mixed $offset): mixed, or the #[\ReturnTypeWillChange] attribute should be used to temporarily suppress the notice in /var/www/html/deansluyterWP/wordpress/wp-includes/Requests/Cookie/Jar.php on line 73
[17-Feb-2023 06:56:16 UTC] PHP Deprecated:  Return type of Requests_Cookie_Jar::offsetSet($key, $value) should either be compatible with ArrayAccess::offsetSet(mixed $offset, mixed $value): void, or the #[\ReturnTypeWillChange] attribute should be used to temporarily suppress the notice in /var/www/html/deansluyterWP/wordpress/wp-includes/Requests/Cookie/Jar.php on line 89
[17-Feb-2023 06:56:16 UTC] PHP Deprecated:  Return type of Requests_Cookie_Jar::offsetUnset($key) should either be compatible with ArrayAccess::offsetUnset(mixed $offset): void, or the #[\ReturnTypeWillChange] attribute should be used to temporarily suppress the notice in /var/www/html/deansluyterWP/wordpress/wp-includes/Requests/Cookie/Jar.php on line 102
[17-Feb-2023 06:56:16 UTC] PHP Deprecated:  Return type of Requests_Cookie_Jar::getIterator() should either be compatible with IteratorAggregate::getIterator(): Traversable, or the #[\ReturnTypeWillChange] attribute should be used to temporarily suppress the notice in /var/www/html/deansluyterWP/wordpress/wp-includes/Requests/Cookie/Jar.php on line 111
[17-Feb-2023 06:56:16 UTC] PHP Deprecated:  dirname(): Passing null to parameter #1 ($path) of type string is deprecated in /var/www/html/deansluyterWP/wordpress/wp-content/plugins/gravityforms/includes/addon/class-gf-addon.php on line 6400
[17-Feb-2023 06:56:16 UTC] PHP Deprecated:  basename(): Passing null to parameter #1 ($path) of type string is deprecated in /var/www/html/deansluyterWP/wordpress/wp-content/plugins/gravityforms/includes/addon/class-gf-addon.php on line 6404
[17-Feb-2023 06:56:16 UTC] PHP Deprecated:  Return type of Requests_Utility_CaseInsensitiveDictionary::offsetExists($key) should either be compatible with ArrayAccess::offsetExists(mixed $offset): bool, or the #[\ReturnTypeWillChange] attribute should be used to temporarily suppress the notice in /var/www/html/deansluyterWP/wordpress/wp-includes/Requests/Utility/CaseInsensitiveDictionary.php on line 40
[17-Feb-2023 06:56:16 UTC] PHP Deprecated:  Return type of Requests_Utility_CaseInsensitiveDictionary::offsetGet($key) should either be compatible with ArrayAccess::offsetGet(mixed $offset): mixed, or the #[\ReturnTypeWillChange] attribute should be used to temporarily suppress the notice in /var/www/html/deansluyterWP/wordpress/wp-includes/Requests/Utility/CaseInsensitiveDictionary.php on line 51
[17-Feb-2023 06:56:16 UTC] PHP Deprecated:  Return type of Requests_Utility_CaseInsensitiveDictionary::offsetSet($key, $value) should either be compatible with ArrayAccess::offsetSet(mixed $offset, mixed $value): void, or the #[\ReturnTypeWillChange] attribute should be used to temporarily suppress the notice in /var/www/html/deansluyterWP/wordpress/wp-includes/Requests/Utility/CaseInsensitiveDictionary.php on line 68
[17-Feb-2023 06:56:16 UTC] PHP Deprecated:  Return type of Requests_Utility_CaseInsensitiveDictionary::offsetUnset($key) should either be compatible with ArrayAccess::offsetUnset(mixed $offset): void, or the #[\ReturnTypeWillChange] attribute should be used to temporarily suppress the notice in /var/www/html/deansluyterWP/wordpress/wp-includes/Requests/Utility/CaseInsensitiveDictionary.php on line 82
[17-Feb-2023 06:56:16 UTC] PHP Deprecated:  Return type of Requests_Utility_CaseInsensitiveDictionary::getIterator() should either be compatible with IteratorAggregate::getIterator(): Traversable, or the #[\ReturnTypeWillChange] attribute should be used to temporarily suppress the notice in /var/www/html/deansluyterWP/wordpress/wp-includes/Requests/Utility/CaseInsensitiveDictionary.php on line 91
[17-Feb-2023 06:56:16 UTC] PHP Deprecated:  Constant FILTER_SANITIZE_STRING is deprecated in /var/www/html/deansluyterWP/wordpress/wp-content/plugins/constant-contact-forms/includes/class-settings.php on line 772
[17-Feb-2023 06:56:38 UTC] PHP Deprecated:  dirname(): Passing null to parameter #1 ($path) of type string is deprecated in /var/www/html/deansluyterWP/wordpress/wp-content/plugins/gravityforms/includes/addon/class-gf-addon.php on line 6400
[17-Feb-2023 06:56:38 UTC] PHP Deprecated:  basename(): Passing null to parameter #1 ($path) of type string is deprecated in /var/www/html/deansluyterWP/wordpress/wp-content/plugins/gravityforms/includes/addon/class-gf-addon.php on line 6404
[17-Feb-2023 06:56:38 UTC] PHP Deprecated:  Constant FILTER_SANITIZE_STRING is deprecated in /var/www/html/deansluyterWP/wordpress/wp-content/plugins/constant-contact-forms/includes/class-settings.php on line 772
[17-Feb-2023 07:01:10 UTC] PHP Deprecated:  dirname(): Passing null to parameter #1 ($path) of type string is deprecated in /var/www/html/deansluyterWP/wordpress/wp-content/plugins/gravityforms/includes/addon/class-gf-addon.php on line 6400
[17-Feb-2023 07:01:10 UTC] PHP Deprecated:  basename(): Passing null to parameter #1 ($path) of type string is deprecated in /var/www/html/deansluyterWP/wordpress/wp-content/plugins/gravityforms/includes/addon/class-gf-addon.php on line 6404
[17-Feb-2023 07:01:10 UTC] PHP Deprecated:  preg_replace(): Passing null to parameter #3 ($subject) of type array|string is deprecated in /var/www/html/deansluyterWP/wordpress/wp-includes/formatting.php on line 5397
[17-Feb-2023 07:01:10 UTC] PHP Deprecated:  trim(): Passing null to parameter #1 ($string) of type string is deprecated in /var/www/html/deansluyterWP/wordpress/wp-includes/pluggable.php on line 598
[17-Feb-2023 07:01:10 UTC] PHP Deprecated:  Constant FILTER_SANITIZE_STRING is deprecated in /var/www/html/deansluyterWP/wordpress/wp-content/plugins/constant-contact-forms/includes/class-settings.php on line 772
[17-Feb-2023 07:01:10 UTC] PHP Deprecated:  dirname(): Passing null to parameter #1 ($path) of type string is deprecated in /var/www/html/deansluyterWP/wordpress/wp-content/plugins/gravityforms/includes/addon/class-gf-addon.php on line 6400
[17-Feb-2023 07:01:10 UTC] PHP Deprecated:  basename(): Passing null to parameter #1 ($path) of type string is deprecated in /var/www/html/deansluyterWP/wordpress/wp-content/plugins/gravityforms/includes/addon/class-gf-addon.php on line 6404
[17-Feb-2023 07:01:10 UTC] PHP Deprecated:  Constant FILTER_SANITIZE_STRING is deprecated in /var/www/html/deansluyterWP/wordpress/wp-content/plugins/constant-contact-forms/includes/class-settings.php on line 772
[17-Feb-2023 07:02:38 UTC] PHP Warning:  include_once(/var/www/html/deansluyterWP/wordpress/wp-content/plugins/constant-contact-forms/vendor/cmb2/cmb2/includes/CMB2_Hookup.php): Failed to open stream: No such file or directory in /var/www/html/deansluyterWP/wordpress/wp-content/plugins/constant-contact-forms/vendor/cmb2/cmb2/includes/helper-functions.php on line 44
[17-Feb-2023 07:02:38 UTC] PHP Warning:  include_once(): Failed opening '/var/www/html/deansluyterWP/wordpress/wp-content/plugins/constant-contact-forms/vendor/cmb2/cmb2/includes/CMB2_Hookup.php' for inclusion (include_path='.:/usr/share/php') in /var/www/html/deansluyterWP/wordpress/wp-content/plugins/constant-contact-forms/vendor/cmb2/cmb2/includes/helper-functions.php on line 44
[17-Feb-2023 07:02:38 UTC] PHP Fatal error:  Uncaught TypeError: call_user_func_array(): Argument #1 ($callback) must be a valid callback, class "CMB2_Hookup" not found in /var/www/html/deansluyterWP/wordpress/wp-includes/class-wp-hook.php:308
Stack trace:
#0 /var/www/html/deansluyterWP/wordpress/wp-includes/class-wp-hook.php(332): WP_Hook->apply_filters()
#1 /var/www/html/deansluyterWP/wordpress/wp-includes/plugin.php(517): WP_Hook->do_action()
#2 /var/www/html/deansluyterWP/wordpress/wp-content/plugins/constant-contact-forms/vendor/cmb2/cmb2/bootstrap.php(75): do_action()
#3 /var/www/html/deansluyterWP/wordpress/wp-content/plugins/constant-contact-forms/vendor/cmb2/cmb2/init.php(165): cmb2_bootstrap()
#4 /var/www/html/deansluyterWP/wordpress/wp-includes/class-wp-hook.php(308): CMB2_Bootstrap_290->include_cmb()
#5 /var/www/html/deansluyterWP/wordpress/wp-includes/class-wp-hook.php(332): WP_Hook->apply_filters()
#6 /var/www/html/deansluyterWP/wordpress/wp-includes/plugin.php(517): WP_Hook->do_action()
#7 /var/www/html/deansluyterWP/wordpress/wp-settings.php(617): do_action()
#8 /var/www/html/deansluyterWP/wordpress/wp-config.php(92): require_once('...')
#9 /var/www/html/deansluyterWP/wordpress/wp-load.php(50): require_once('...')
#10 /var/www/html/deansluyterWP/wordpress/wp-admin/admin.php(34): require_once('...')
#11 /var/www/html/deansluyterWP/wordpress/wp-admin/index.php(10): require_once('...')
#12 {main}
  thrown in /var/www/html/deansluyterWP/wordpress/wp-includes/class-wp-hook.php on line 308
[17-Feb-2023 07:02:58 UTC] PHP Warning:  include_once(/var/www/html/deansluyterWP/wordpress/wp-content/plugins/constant-contact-forms/vendor/cmb2/cmb2/includes/CMB2_Hookup.php): Failed to open stream: No such file or directory in /var/www/html/deansluyterWP/wordpress/wp-content/plugins/constant-contact-forms/vendor/cmb2/cmb2/includes/helper-functions.php on line 44
[17-Feb-2023 07:02:58 UTC] PHP Warning:  include_once(): Failed opening '/var/www/html/deansluyterWP/wordpress/wp-content/plugins/constant-contact-forms/vendor/cmb2/cmb2/includes/CMB2_Hookup.php' for inclusion (include_path='.:/usr/share/php') in /var/www/html/deansluyterWP/wordpress/wp-content/plugins/constant-contact-forms/vendor/cmb2/cmb2/includes/helper-functions.php on line 44
[17-Feb-2023 07:02:58 UTC] PHP Fatal error:  Uncaught TypeError: call_user_func_array(): Argument #1 ($callback) must be a valid callback, class "CMB2_Hookup" not found in /var/www/html/deansluyterWP/wordpress/wp-includes/class-wp-hook.php:308
Stack trace:
#0 /var/www/html/deansluyterWP/wordpress/wp-includes/class-wp-hook.php(332): WP_Hook->apply_filters()
#1 /var/www/html/deansluyterWP/wordpress/wp-includes/plugin.php(517): WP_Hook->do_action()
#2 /var/www/html/deansluyterWP/wordpress/wp-content/plugins/constant-contact-forms/vendor/cmb2/cmb2/bootstrap.php(75): do_action()
#3 /var/www/html/deansluyterWP/wordpress/wp-content/plugins/constant-contact-forms/vendor/cmb2/cmb2/init.php(165): cmb2_bootstrap()
#4 /var/www/html/deansluyterWP/wordpress/wp-includes/class-wp-hook.php(308): CMB2_Bootstrap_290->include_cmb()
#5 /var/www/html/deansluyterWP/wordpress/wp-includes/class-wp-hook.php(332): WP_Hook->apply_filters()
#6 /var/www/html/deansluyterWP/wordpress/wp-includes/plugin.php(517): WP_Hook->do_action()
#7 /var/www/html/deansluyterWP/wordpress/wp-settings.php(617): do_action()
#8 /var/www/html/deansluyterWP/wordpress/wp-config.php(92): require_once('...')
#9 /var/www/html/deansluyterWP/wordpress/wp-load.php(50): require_once('...')
#10 /var/www/html/deansluyterWP/wordpress/wp-admin/admin.php(34): require_once('...')
#11 /var/www/html/deansluyterWP/wordpress/wp-admin/index.php(10): require_once('...')
#12 {main}
  thrown in /var/www/html/deansluyterWP/wordpress/wp-includes/class-wp-hook.php on line 308
[17-Feb-2023 07:03:54 UTC] PHP Deprecated:  Constant FILTER_SANITIZE_STRING is deprecated in /var/www/html/deansluyterWP/wordpress/wp-content/plugins/constant-contact-forms/includes/class-settings.php on line 772
[17-Feb-2023 07:04:58 UTC] PHP Deprecated:  preg_replace(): Passing null to parameter #3 ($subject) of type array|string is deprecated in /var/www/html/deansluyterWP/wordpress/wp-includes/formatting.php on line 5397
[17-Feb-2023 07:04:58 UTC] PHP Deprecated:  trim(): Passing null to parameter #1 ($string) of type string is deprecated in /var/www/html/deansluyterWP/wordpress/wp-includes/pluggable.php on line 598
[17-Feb-2023 07:05:06 UTC] Beaver Builder: URL change detected, cache cleared.
[17-Feb-2023 07:05:06 UTC] PHP Deprecated:  Return type of Requests_Cookie_Jar::offsetExists($key) should either be compatible with ArrayAccess::offsetExists(mixed $offset): bool, or the #[\ReturnTypeWillChange] attribute should be used to temporarily suppress the notice in /var/www/html/deansluyterWP/wordpress/wp-includes/Requests/Cookie/Jar.php on line 63
[17-Feb-2023 07:05:06 UTC] PHP Deprecated:  Return type of Requests_Cookie_Jar::offsetGet($key) should either be compatible with ArrayAccess::offsetGet(mixed $offset): mixed, or the #[\ReturnTypeWillChange] attribute should be used to temporarily suppress the notice in /var/www/html/deansluyterWP/wordpress/wp-includes/Requests/Cookie/Jar.php on line 73
[17-Feb-2023 07:05:06 UTC] PHP Deprecated:  Return type of Requests_Cookie_Jar::offsetSet($key, $value) should either be compatible with ArrayAccess::offsetSet(mixed $offset, mixed $value): void, or the #[\ReturnTypeWillChange] attribute should be used to temporarily suppress the notice in /var/www/html/deansluyterWP/wordpress/wp-includes/Requests/Cookie/Jar.php on line 89
[17-Feb-2023 07:05:06 UTC] PHP Deprecated:  Return type of Requests_Cookie_Jar::offsetUnset($key) should either be compatible with ArrayAccess::offsetUnset(mixed $offset): void, or the #[\ReturnTypeWillChange] attribute should be used to temporarily suppress the notice in /var/www/html/deansluyterWP/wordpress/wp-includes/Requests/Cookie/Jar.php on line 102
[17-Feb-2023 07:05:06 UTC] PHP Deprecated:  Return type of Requests_Cookie_Jar::getIterator() should either be compatible with IteratorAggregate::getIterator(): Traversable, or the #[\ReturnTypeWillChange] attribute should be used to temporarily suppress the notice in /var/www/html/deansluyterWP/wordpress/wp-includes/Requests/Cookie/Jar.php on line 111
[17-Feb-2023 07:05:07 UTC] PHP Deprecated:  Return type of Requests_Utility_CaseInsensitiveDictionary::offsetExists($key) should either be compatible with ArrayAccess::offsetExists(mixed $offset): bool, or the #[\ReturnTypeWillChange] attribute should be used to temporarily suppress the notice in /var/www/html/deansluyterWP/wordpress/wp-includes/Requests/Utility/CaseInsensitiveDictionary.php on line 40
[17-Feb-2023 07:05:07 UTC] PHP Deprecated:  Return type of Requests_Utility_CaseInsensitiveDictionary::offsetGet($key) should either be compatible with ArrayAccess::offsetGet(mixed $offset): mixed, or the #[\ReturnTypeWillChange] attribute should be used to temporarily suppress the notice in /var/www/html/deansluyterWP/wordpress/wp-includes/Requests/Utility/CaseInsensitiveDictionary.php on line 51
[17-Feb-2023 07:05:07 UTC] PHP Deprecated:  Return type of Requests_Utility_CaseInsensitiveDictionary::offsetSet($key, $value) should either be compatible with ArrayAccess::offsetSet(mixed $offset, mixed $value): void, or the #[\ReturnTypeWillChange] attribute should be used to temporarily suppress the notice in /var/www/html/deansluyterWP/wordpress/wp-includes/Requests/Utility/CaseInsensitiveDictionary.php on line 68
[17-Feb-2023 07:05:07 UTC] PHP Deprecated:  Return type of Requests_Utility_CaseInsensitiveDictionary::offsetUnset($key) should either be compatible with ArrayAccess::offsetUnset(mixed $offset): void, or the #[\ReturnTypeWillChange] attribute should be used to temporarily suppress the notice in /var/www/html/deansluyterWP/wordpress/wp-includes/Requests/Utility/CaseInsensitiveDictionary.php on line 82
[17-Feb-2023 07:05:07 UTC] PHP Deprecated:  Return type of Requests_Utility_CaseInsensitiveDictionary::getIterator() should either be compatible with IteratorAggregate::getIterator(): Traversable, or the #[\ReturnTypeWillChange] attribute should be used to temporarily suppress the notice in /var/www/html/deansluyterWP/wordpress/wp-includes/Requests/Utility/CaseInsensitiveDictionary.php on line 91
[17-Feb-2023 07:05:09 UTC] PHP Deprecated:  Return type of Requests_Cookie_Jar::offsetExists($key) should either be compatible with ArrayAccess::offsetExists(mixed $offset): bool, or the #[\ReturnTypeWillChange] attribute should be used to temporarily suppress the notice in /var/www/html/deansluyterWP/wordpress/wp-includes/Requests/Cookie/Jar.php on line 63
[17-Feb-2023 07:05:09 UTC] PHP Deprecated:  Return type of Requests_Cookie_Jar::offsetGet($key) should either be compatible with ArrayAccess::offsetGet(mixed $offset): mixed, or the #[\ReturnTypeWillChange] attribute should be used to temporarily suppress the notice in /var/www/html/deansluyterWP/wordpress/wp-includes/Requests/Cookie/Jar.php on line 73
[17-Feb-2023 07:05:09 UTC] PHP Deprecated:  Return type of Requests_Cookie_Jar::offsetSet($key, $value) should either be compatible with ArrayAccess::offsetSet(mixed $offset, mixed $value): void, or the #[\ReturnTypeWillChange] attribute should be used to temporarily suppress the notice in /var/www/html/deansluyterWP/wordpress/wp-includes/Requests/Cookie/Jar.php on line 89
[17-Feb-2023 07:05:09 UTC] PHP Deprecated:  Return type of Requests_Cookie_Jar::offsetUnset($key) should either be compatible with ArrayAccess::offsetUnset(mixed $offset): void, or the #[\ReturnTypeWillChange] attribute should be used to temporarily suppress the notice in /var/www/html/deansluyterWP/wordpress/wp-includes/Requests/Cookie/Jar.php on line 102
[17-Feb-2023 07:05:09 UTC] PHP Deprecated:  Return type of Requests_Cookie_Jar::getIterator() should either be compatible with IteratorAggregate::getIterator(): Traversable, or the #[\ReturnTypeWillChange] attribute should be used to temporarily suppress the notice in /var/www/html/deansluyterWP/wordpress/wp-includes/Requests/Cookie/Jar.php on line 111
[17-Feb-2023 07:05:09 UTC] PHP Deprecated:  http_build_query(): Passing null to parameter #2 ($numeric_prefix) of type string is deprecated in /var/www/html/deansluyterWP/wordpress/wp-includes/Requests/Transport/cURL.php on line 530
[17-Feb-2023 07:05:09 UTC] PHP Deprecated:  Return type of Requests_Utility_CaseInsensitiveDictionary::offsetExists($key) should either be compatible with ArrayAccess::offsetExists(mixed $offset): bool, or the #[\ReturnTypeWillChange] attribute should be used to temporarily suppress the notice in /var/www/html/deansluyterWP/wordpress/wp-includes/Requests/Utility/CaseInsensitiveDictionary.php on line 40
[17-Feb-2023 07:05:09 UTC] PHP Deprecated:  Return type of Requests_Utility_CaseInsensitiveDictionary::offsetGet($key) should either be compatible with ArrayAccess::offsetGet(mixed $offset): mixed, or the #[\ReturnTypeWillChange] attribute should be used to temporarily suppress the notice in /var/www/html/deansluyterWP/wordpress/wp-includes/Requests/Utility/CaseInsensitiveDictionary.php on line 51
[17-Feb-2023 07:05:09 UTC] PHP Deprecated:  Return type of Requests_Utility_CaseInsensitiveDictionary::offsetSet($key, $value) should either be compatible with ArrayAccess::offsetSet(mixed $offset, mixed $value): void, or the #[\ReturnTypeWillChange] attribute should be used to temporarily suppress the notice in /var/www/html/deansluyterWP/wordpress/wp-includes/Requests/Utility/CaseInsensitiveDictionary.php on line 68
[17-Feb-2023 07:05:09 UTC] PHP Deprecated:  Return type of Requests_Utility_CaseInsensitiveDictionary::offsetUnset($key) should either be compatible with ArrayAccess::offsetUnset(mixed $offset): void, or the #[\ReturnTypeWillChange] attribute should be used to temporarily suppress the notice in /var/www/html/deansluyterWP/wordpress/wp-includes/Requests/Utility/CaseInsensitiveDictionary.php on line 82
[17-Feb-2023 07:05:09 UTC] PHP Deprecated:  Return type of Requests_Utility_CaseInsensitiveDictionary::getIterator() should either be compatible with IteratorAggregate::getIterator(): Traversable, or the #[\ReturnTypeWillChange] attribute should be used to temporarily suppress the notice in /var/www/html/deansluyterWP/wordpress/wp-includes/Requests/Utility/CaseInsensitiveDictionary.php on line 91
[17-Feb-2023 07:05:31 UTC] PHP Deprecated:  Return type of Requests_Cookie_Jar::offsetExists($key) should either be compatible with ArrayAccess::offsetExists(mixed $offset): bool, or the #[\ReturnTypeWillChange] attribute should be used to temporarily suppress the notice in /var/www/html/deansluyterWP/wordpress/wp-includes/Requests/Cookie/Jar.php on line 63
[17-Feb-2023 07:05:31 UTC] PHP Deprecated:  Return type of Requests_Cookie_Jar::offsetGet($key) should either be compatible with ArrayAccess::offsetGet(mixed $offset): mixed, or the #[\ReturnTypeWillChange] attribute should be used to temporarily suppress the notice in /var/www/html/deansluyterWP/wordpress/wp-includes/Requests/Cookie/Jar.php on line 73
[17-Feb-2023 07:05:31 UTC] PHP Deprecated:  Return type of Requests_Cookie_Jar::offsetSet($key, $value) should either be compatible with ArrayAccess::offsetSet(mixed $offset, mixed $value): void, or the #[\ReturnTypeWillChange] attribute should be used to temporarily suppress the notice in /var/www/html/deansluyterWP/wordpress/wp-includes/Requests/Cookie/Jar.php on line 89
[17-Feb-2023 07:05:31 UTC] PHP Deprecated:  Return type of Requests_Cookie_Jar::offsetUnset($key) should either be compatible with ArrayAccess::offsetUnset(mixed $offset): void, or the #[\ReturnTypeWillChange] attribute should be used to temporarily suppress the notice in /var/www/html/deansluyterWP/wordpress/wp-includes/Requests/Cookie/Jar.php on line 102
[17-Feb-2023 07:05:31 UTC] PHP Deprecated:  Return type of Requests_Cookie_Jar::getIterator() should either be compatible with IteratorAggregate::getIterator(): Traversable, or the #[\ReturnTypeWillChange] attribute should be used to temporarily suppress the notice in /var/www/html/deansluyterWP/wordpress/wp-includes/Requests/Cookie/Jar.php on line 111
[17-Feb-2023 07:05:31 UTC] PHP Deprecated:  Return type of Requests_Utility_CaseInsensitiveDictionary::offsetExists($key) should either be compatible with ArrayAccess::offsetExists(mixed $offset): bool, or the #[\ReturnTypeWillChange] attribute should be used to temporarily suppress the notice in /var/www/html/deansluyterWP/wordpress/wp-includes/Requests/Utility/CaseInsensitiveDictionary.php on line 40
[17-Feb-2023 07:05:31 UTC] PHP Deprecated:  Return type of Requests_Utility_CaseInsensitiveDictionary::offsetGet($key) should either be compatible with ArrayAccess::offsetGet(mixed $offset): mixed, or the #[\ReturnTypeWillChange] attribute should be used to temporarily suppress the notice in /var/www/html/deansluyterWP/wordpress/wp-includes/Requests/Utility/CaseInsensitiveDictionary.php on line 51
[17-Feb-2023 07:05:31 UTC] PHP Deprecated:  Return type of Requests_Utility_CaseInsensitiveDictionary::offsetSet($key, $value) should either be compatible with ArrayAccess::offsetSet(mixed $offset, mixed $value): void, or the #[\ReturnTypeWillChange] attribute should be used to temporarily suppress the notice in /var/www/html/deansluyterWP/wordpress/wp-includes/Requests/Utility/CaseInsensitiveDictionary.php on line 68
[17-Feb-2023 07:05:31 UTC] PHP Deprecated:  Return type of Requests_Utility_CaseInsensitiveDictionary::offsetUnset($key) should either be compatible with ArrayAccess::offsetUnset(mixed $offset): void, or the #[\ReturnTypeWillChange] attribute should be used to temporarily suppress the notice in /var/www/html/deansluyterWP/wordpress/wp-includes/Requests/Utility/CaseInsensitiveDictionary.php on line 82
[17-Feb-2023 07:05:31 UTC] PHP Deprecated:  Return type of Requests_Utility_CaseInsensitiveDictionary::getIterator() should either be compatible with IteratorAggregate::getIterator(): Traversable, or the #[\ReturnTypeWillChange] attribute should be used to temporarily suppress the notice in /var/www/html/deansluyterWP/wordpress/wp-includes/Requests/Utility/CaseInsensitiveDictionary.php on line 91
[17-Feb-2023 07:05:31 UTC] PHP Deprecated:  Return type of Requests_Cookie_Jar::offsetExists($key) should either be compatible with ArrayAccess::offsetExists(mixed $offset): bool, or the #[\ReturnTypeWillChange] attribute should be used to temporarily suppress the notice in /var/www/html/deansluyterWP/wordpress/wp-includes/Requests/Cookie/Jar.php on line 63
[17-Feb-2023 07:05:31 UTC] PHP Deprecated:  Return type of Requests_Cookie_Jar::offsetGet($key) should either be compatible with ArrayAccess::offsetGet(mixed $offset): mixed, or the #[\ReturnTypeWillChange] attribute should be used to temporarily suppress the notice in /var/www/html/deansluyterWP/wordpress/wp-includes/Requests/Cookie/Jar.php on line 73
[17-Feb-2023 07:05:31 UTC] PHP Deprecated:  Return type of Requests_Cookie_Jar::offsetSet($key, $value) should either be compatible with ArrayAccess::offsetSet(mixed $offset, mixed $value): void, or the #[\ReturnTypeWillChange] attribute should be used to temporarily suppress the notice in /var/www/html/deansluyterWP/wordpress/wp-includes/Requests/Cookie/Jar.php on line 89
[17-Feb-2023 07:05:31 UTC] PHP Deprecated:  Return type of Requests_Cookie_Jar::offsetUnset($key) should either be compatible with ArrayAccess::offsetUnset(mixed $offset): void, or the #[\ReturnTypeWillChange] attribute should be used to temporarily suppress the notice in /var/www/html/deansluyterWP/wordpress/wp-includes/Requests/Cookie/Jar.php on line 102
[17-Feb-2023 07:05:31 UTC] PHP Deprecated:  Return type of Requests_Cookie_Jar::getIterator() should either be compatible with IteratorAggregate::getIterator(): Traversable, or the #[\ReturnTypeWillChange] attribute should be used to temporarily suppress the notice in /var/www/html/deansluyterWP/wordpress/wp-includes/Requests/Cookie/Jar.php on line 111
[17-Feb-2023 07:05:32 UTC] PHP Deprecated:  Return type of Requests_Utility_CaseInsensitiveDictionary::offsetExists($key) should either be compatible with ArrayAccess::offsetExists(mixed $offset): bool, or the #[\ReturnTypeWillChange] attribute should be used to temporarily suppress the notice in /var/www/html/deansluyterWP/wordpress/wp-includes/Requests/Utility/CaseInsensitiveDictionary.php on line 40
[17-Feb-2023 07:05:32 UTC] PHP Deprecated:  Return type of Requests_Utility_CaseInsensitiveDictionary::offsetGet($key) should either be compatible with ArrayAccess::offsetGet(mixed $offset): mixed, or the #[\ReturnTypeWillChange] attribute should be used to temporarily suppress the notice in /var/www/html/deansluyterWP/wordpress/wp-includes/Requests/Utility/CaseInsensitiveDictionary.php on line 51
[17-Feb-2023 07:05:32 UTC] PHP Deprecated:  Return type of Requests_Utility_CaseInsensitiveDictionary::offsetSet($key, $value) should either be compatible with ArrayAccess::offsetSet(mixed $offset, mixed $value): void, or the #[\ReturnTypeWillChange] attribute should be used to temporarily suppress the notice in /var/www/html/deansluyterWP/wordpress/wp-includes/Requests/Utility/CaseInsensitiveDictionary.php on line 68
[17-Feb-2023 07:05:32 UTC] PHP Deprecated:  Return type of Requests_Utility_CaseInsensitiveDictionary::offsetUnset($key) should either be compatible with ArrayAccess::offsetUnset(mixed $offset): void, or the #[\ReturnTypeWillChange] attribute should be used to temporarily suppress the notice in /var/www/html/deansluyterWP/wordpress/wp-includes/Requests/Utility/CaseInsensitiveDictionary.php on line 82
[17-Feb-2023 07:05:32 UTC] PHP Deprecated:  Return type of Requests_Utility_CaseInsensitiveDictionary::getIterator() should either be compatible with IteratorAggregate::getIterator(): Traversable, or the #[\ReturnTypeWillChange] attribute should be used to temporarily suppress the notice in /var/www/html/deansluyterWP/wordpress/wp-includes/Requests/Utility/CaseInsensitiveDictionary.php on line 91
[17-Feb-2023 07:05:32 UTC] PHP Deprecated:  Return type of Requests_Cookie_Jar::offsetExists($key) should either be compatible with ArrayAccess::offsetExists(mixed $offset): bool, or the #[\ReturnTypeWillChange] attribute should be used to temporarily suppress the notice in /var/www/html/deansluyterWP/wordpress/wp-includes/Requests/Cookie/Jar.php on line 63
[17-Feb-2023 07:05:32 UTC] PHP Deprecated:  Return type of Requests_Cookie_Jar::offsetGet($key) should either be compatible with ArrayAccess::offsetGet(mixed $offset): mixed, or the #[\ReturnTypeWillChange] attribute should be used to temporarily suppress the notice in /var/www/html/deansluyterWP/wordpress/wp-includes/Requests/Cookie/Jar.php on line 73
[17-Feb-2023 07:05:32 UTC] PHP Deprecated:  Return type of Requests_Cookie_Jar::offsetSet($key, $value) should either be compatible with ArrayAccess::offsetSet(mixed $offset, mixed $value): void, or the #[\ReturnTypeWillChange] attribute should be used to temporarily suppress the notice in /var/www/html/deansluyterWP/wordpress/wp-includes/Requests/Cookie/Jar.php on line 89
[17-Feb-2023 07:05:32 UTC] PHP Deprecated:  Return type of Requests_Cookie_Jar::offsetUnset($key) should either be compatible with ArrayAccess::offsetUnset(mixed $offset): void, or the #[\ReturnTypeWillChange] attribute should be used to temporarily suppress the notice in /var/www/html/deansluyterWP/wordpress/wp-includes/Requests/Cookie/Jar.php on line 102
[17-Feb-2023 07:05:32 UTC] PHP Deprecated:  Return type of Requests_Cookie_Jar::getIterator() should either be compatible with IteratorAggregate::getIterator(): Traversable, or the #[\ReturnTypeWillChange] attribute should be used to temporarily suppress the notice in /var/www/html/deansluyterWP/wordpress/wp-includes/Requests/Cookie/Jar.php on line 111
[17-Feb-2023 07:05:32 UTC] PHP Deprecated:  Return type of Requests_Utility_CaseInsensitiveDictionary::offsetExists($key) should either be compatible with ArrayAccess::offsetExists(mixed $offset): bool, or the #[\ReturnTypeWillChange] attribute should be used to temporarily suppress the notice in /var/www/html/deansluyterWP/wordpress/wp-includes/Requests/Utility/CaseInsensitiveDictionary.php on line 40
[17-Feb-2023 07:05:32 UTC] PHP Deprecated:  Return type of Requests_Utility_CaseInsensitiveDictionary::offsetGet($key) should either be compatible with ArrayAccess::offsetGet(mixed $offset): mixed, or the #[\ReturnTypeWillChange] attribute should be used to temporarily suppress the notice in /var/www/html/deansluyterWP/wordpress/wp-includes/Requests/Utility/CaseInsensitiveDictionary.php on line 51
[17-Feb-2023 07:05:32 UTC] PHP Deprecated:  Return type of Requests_Utility_CaseInsensitiveDictionary::offsetSet($key, $value) should either be compatible with ArrayAccess::offsetSet(mixed $offset, mixed $value): void, or the #[\ReturnTypeWillChange] attribute should be used to temporarily suppress the notice in /var/www/html/deansluyterWP/wordpress/wp-includes/Requests/Utility/CaseInsensitiveDictionary.php on line 68
[17-Feb-2023 07:05:32 UTC] PHP Deprecated:  Return type of Requests_Utility_CaseInsensitiveDictionary::offsetUnset($key) should either be compatible with ArrayAccess::offsetUnset(mixed $offset): void, or the #[\ReturnTypeWillChange] attribute should be used to temporarily suppress the notice in /var/www/html/deansluyterWP/wordpress/wp-includes/Requests/Utility/CaseInsensitiveDictionary.php on line 82
[17-Feb-2023 07:05:32 UTC] PHP Deprecated:  Return type of Requests_Utility_CaseInsensitiveDictionary::getIterator() should either be compatible with IteratorAggregate::getIterator(): Traversable, or the #[\ReturnTypeWillChange] attribute should be used to temporarily suppress the notice in /var/www/html/deansluyterWP/wordpress/wp-includes/Requests/Utility/CaseInsensitiveDictionary.php on line 91
[17-Feb-2023 07:05:33 UTC] PHP Deprecated:  Return type of Requests_Cookie_Jar::offsetExists($key) should either be compatible with ArrayAccess::offsetExists(mixed $offset): bool, or the #[\ReturnTypeWillChange] attribute should be used to temporarily suppress the notice in /var/www/html/deansluyterWP/wordpress/wp-includes/Requests/Cookie/Jar.php on line 63
[17-Feb-2023 07:05:33 UTC] PHP Deprecated:  Return type of Requests_Cookie_Jar::offsetGet($key) should either be compatible with ArrayAccess::offsetGet(mixed $offset): mixed, or the #[\ReturnTypeWillChange] attribute should be used to temporarily suppress the notice in /var/www/html/deansluyterWP/wordpress/wp-includes/Requests/Cookie/Jar.php on line 73
[17-Feb-2023 07:05:33 UTC] PHP Deprecated:  Return type of Requests_Cookie_Jar::offsetSet($key, $value) should either be compatible with ArrayAccess::offsetSet(mixed $offset, mixed $value): void, or the #[\ReturnTypeWillChange] attribute should be used to temporarily suppress the notice in /var/www/html/deansluyterWP/wordpress/wp-includes/Requests/Cookie/Jar.php on line 89
[17-Feb-2023 07:05:33 UTC] PHP Deprecated:  Return type of Requests_Cookie_Jar::offsetUnset($key) should either be compatible with ArrayAccess::offsetUnset(mixed $offset): void, or the #[\ReturnTypeWillChange] attribute should be used to temporarily suppress the notice in /var/www/html/deansluyterWP/wordpress/wp-includes/Requests/Cookie/Jar.php on line 102
[17-Feb-2023 07:05:33 UTC] PHP Deprecated:  Return type of Requests_Cookie_Jar::getIterator() should either be compatible with IteratorAggregate::getIterator(): Traversable, or the #[\ReturnTypeWillChange] attribute should be used to temporarily suppress the notice in /var/www/html/deansluyterWP/wordpress/wp-includes/Requests/Cookie/Jar.php on line 111
[17-Feb-2023 07:05:33 UTC] PHP Deprecated:  http_build_query(): Passing null to parameter #2 ($numeric_prefix) of type string is deprecated in /var/www/html/deansluyterWP/wordpress/wp-includes/Requests/Transport/cURL.php on line 345
[17-Feb-2023 07:05:33 UTC] PHP Deprecated:  Return type of Requests_Utility_CaseInsensitiveDictionary::offsetExists($key) should either be compatible with ArrayAccess::offsetExists(mixed $offset): bool, or the #[\ReturnTypeWillChange] attribute should be used to temporarily suppress the notice in /var/www/html/deansluyterWP/wordpress/wp-includes/Requests/Utility/CaseInsensitiveDictionary.php on line 40
[17-Feb-2023 07:05:33 UTC] PHP Deprecated:  Return type of Requests_Utility_CaseInsensitiveDictionary::offsetGet($key) should either be compatible with ArrayAccess::offsetGet(mixed $offset): mixed, or the #[\ReturnTypeWillChange] attribute should be used to temporarily suppress the notice in /var/www/html/deansluyterWP/wordpress/wp-includes/Requests/Utility/CaseInsensitiveDictionary.php on line 51
[17-Feb-2023 07:05:33 UTC] PHP Deprecated:  Return type of Requests_Utility_CaseInsensitiveDictionary::offsetSet($key, $value) should either be compatible with ArrayAccess::offsetSet(mixed $offset, mixed $value): void, or the #[\ReturnTypeWillChange] attribute should be used to temporarily suppress the notice in /var/www/html/deansluyterWP/wordpress/wp-includes/Requests/Utility/CaseInsensitiveDictionary.php on line 68
[17-Feb-2023 07:05:33 UTC] PHP Deprecated:  Return type of Requests_Utility_CaseInsensitiveDictionary::offsetUnset($key) should either be compatible with ArrayAccess::offsetUnset(mixed $offset): void, or the #[\ReturnTypeWillChange] attribute should be used to temporarily suppress the notice in /var/www/html/deansluyterWP/wordpress/wp-includes/Requests/Utility/CaseInsensitiveDictionary.php on line 82
[17-Feb-2023 07:05:33 UTC] PHP Deprecated:  Return type of Requests_Utility_CaseInsensitiveDictionary::getIterator() should either be compatible with IteratorAggregate::getIterator(): Traversable, or the #[\ReturnTypeWillChange] attribute should be used to temporarily suppress the notice in /var/www/html/deansluyterWP/wordpress/wp-includes/Requests/Utility/CaseInsensitiveDictionary.php on line 91
[17-Feb-2023 07:05:33 UTC] PHP Deprecated:  Return type of Requests_Cookie_Jar::offsetExists($key) should either be compatible with ArrayAccess::offsetExists(mixed $offset): bool, or the #[\ReturnTypeWillChange] attribute should be used to temporarily suppress the notice in /var/www/html/deansluyterWP/wordpress/wp-includes/Requests/Cookie/Jar.php on line 63
[17-Feb-2023 07:05:33 UTC] PHP Deprecated:  Return type of Requests_Cookie_Jar::offsetGet($key) should either be compatible with ArrayAccess::offsetGet(mixed $offset): mixed, or the #[\ReturnTypeWillChange] attribute should be used to temporarily suppress the notice in /var/www/html/deansluyterWP/wordpress/wp-includes/Requests/Cookie/Jar.php on line 73
[17-Feb-2023 07:05:33 UTC] PHP Deprecated:  Return type of Requests_Cookie_Jar::offsetSet($key, $value) should either be compatible with ArrayAccess::offsetSet(mixed $offset, mixed $value): void, or the #[\ReturnTypeWillChange] attribute should be used to temporarily suppress the notice in /var/www/html/deansluyterWP/wordpress/wp-includes/Requests/Cookie/Jar.php on line 89
[17-Feb-2023 07:05:33 UTC] PHP Deprecated:  Return type of Requests_Cookie_Jar::offsetUnset($key) should either be compatible with ArrayAccess::offsetUnset(mixed $offset): void, or the #[\ReturnTypeWillChange] attribute should be used to temporarily suppress the notice in /var/www/html/deansluyterWP/wordpress/wp-includes/Requests/Cookie/Jar.php on line 102
[17-Feb-2023 07:05:33 UTC] PHP Deprecated:  Return type of Requests_Cookie_Jar::getIterator() should either be compatible with IteratorAggregate::getIterator(): Traversable, or the #[\ReturnTypeWillChange] attribute should be used to temporarily suppress the notice in /var/www/html/deansluyterWP/wordpress/wp-includes/Requests/Cookie/Jar.php on line 111
[17-Feb-2023 07:05:33 UTC] PHP Deprecated:  Return type of Requests_Utility_CaseInsensitiveDictionary::offsetExists($key) should either be compatible with ArrayAccess::offsetExists(mixed $offset): bool, or the #[\ReturnTypeWillChange] attribute should be used to temporarily suppress the notice in /var/www/html/deansluyterWP/wordpress/wp-includes/Requests/Utility/CaseInsensitiveDictionary.php on line 40
[17-Feb-2023 07:05:33 UTC] PHP Deprecated:  Return type of Requests_Utility_CaseInsensitiveDictionary::offsetGet($key) should either be compatible with ArrayAccess::offsetGet(mixed $offset): mixed, or the #[\ReturnTypeWillChange] attribute should be used to temporarily suppress the notice in /var/www/html/deansluyterWP/wordpress/wp-includes/Requests/Utility/CaseInsensitiveDictionary.php on line 51
[17-Feb-2023 07:05:33 UTC] PHP Deprecated:  Return type of Requests_Utility_CaseInsensitiveDictionary::offsetSet($key, $value) should either be compatible with ArrayAccess::offsetSet(mixed $offset, mixed $value): void, or the #[\ReturnTypeWillChange] attribute should be used to temporarily suppress the notice in /var/www/html/deansluyterWP/wordpress/wp-includes/Requests/Utility/CaseInsensitiveDictionary.php on line 68
[17-Feb-2023 07:05:33 UTC] PHP Deprecated:  Return type of Requests_Utility_CaseInsensitiveDictionary::offsetUnset($key) should either be compatible with ArrayAccess::offsetUnset(mixed $offset): void, or the #[\ReturnTypeWillChange] attribute should be used to temporarily suppress the notice in /var/www/html/deansluyterWP/wordpress/wp-includes/Requests/Utility/CaseInsensitiveDictionary.php on line 82
[17-Feb-2023 07:05:33 UTC] PHP Deprecated:  Return type of Requests_Utility_CaseInsensitiveDictionary::getIterator() should either be compatible with IteratorAggregate::getIterator(): Traversable, or the #[\ReturnTypeWillChange] attribute should be used to temporarily suppress the notice in /var/www/html/deansluyterWP/wordpress/wp-includes/Requests/Utility/CaseInsensitiveDictionary.php on line 91
[17-Feb-2023 07:05:33 UTC] PHP Deprecated:  Return type of Requests_Cookie_Jar::offsetExists($key) should either be compatible with ArrayAccess::offsetExists(mixed $offset): bool, or the #[\ReturnTypeWillChange] attribute should be used to temporarily suppress the notice in /var/www/html/deansluyterWP/wordpress/wp-includes/Requests/Cookie/Jar.php on line 63
[17-Feb-2023 07:05:33 UTC] PHP Deprecated:  Return type of Requests_Cookie_Jar::offsetGet($key) should either be compatible with ArrayAccess::offsetGet(mixed $offset): mixed, or the #[\ReturnTypeWillChange] attribute should be used to temporarily suppress the notice in /var/www/html/deansluyterWP/wordpress/wp-includes/Requests/Cookie/Jar.php on line 73
[17-Feb-2023 07:05:33 UTC] PHP Deprecated:  Return type of Requests_Cookie_Jar::offsetSet($key, $value) should either be compatible with ArrayAccess::offsetSet(mixed $offset, mixed $value): void, or the #[\ReturnTypeWillChange] attribute should be used to temporarily suppress the notice in /var/www/html/deansluyterWP/wordpress/wp-includes/Requests/Cookie/Jar.php on line 89
[17-Feb-2023 07:05:33 UTC] PHP Deprecated:  Return type of Requests_Cookie_Jar::offsetUnset($key) should either be compatible with ArrayAccess::offsetUnset(mixed $offset): void, or the #[\ReturnTypeWillChange] attribute should be used to temporarily suppress the notice in /var/www/html/deansluyterWP/wordpress/wp-includes/Requests/Cookie/Jar.php on line 102
[17-Feb-2023 07:05:33 UTC] PHP Deprecated:  Return type of Requests_Cookie_Jar::getIterator() should either be compatible with IteratorAggregate::getIterator(): Traversable, or the #[\ReturnTypeWillChange] attribute should be used to temporarily suppress the notice in /var/www/html/deansluyterWP/wordpress/wp-includes/Requests/Cookie/Jar.php on line 111
[17-Feb-2023 07:05:33 UTC] PHP Deprecated:  Return type of Requests_Utility_CaseInsensitiveDictionary::offsetExists($key) should either be compatible with ArrayAccess::offsetExists(mixed $offset): bool, or the #[\ReturnTypeWillChange] attribute should be used to temporarily suppress the notice in /var/www/html/deansluyterWP/wordpress/wp-includes/Requests/Utility/CaseInsensitiveDictionary.php on line 40
[17-Feb-2023 07:05:33 UTC] PHP Deprecated:  Return type of Requests_Utility_CaseInsensitiveDictionary::offsetGet($key) should either be compatible with ArrayAccess::offsetGet(mixed $offset): mixed, or the #[\ReturnTypeWillChange] attribute should be used to temporarily suppress the notice in /var/www/html/deansluyterWP/wordpress/wp-includes/Requests/Utility/CaseInsensitiveDictionary.php on line 51
[17-Feb-2023 07:05:33 UTC] PHP Deprecated:  Return type of Requests_Utility_CaseInsensitiveDictionary::offsetSet($key, $value) should either be compatible with ArrayAccess::offsetSet(mixed $offset, mixed $value): void, or the #[\ReturnTypeWillChange] attribute should be used to temporarily suppress the notice in /var/www/html/deansluyterWP/wordpress/wp-includes/Requests/Utility/CaseInsensitiveDictionary.php on line 68
[17-Feb-2023 07:05:33 UTC] PHP Deprecated:  Return type of Requests_Utility_CaseInsensitiveDictionary::offsetUnset($key) should either be compatible with ArrayAccess::offsetUnset(mixed $offset): void, or the #[\ReturnTypeWillChange] attribute should be used to temporarily suppress the notice in /var/www/html/deansluyterWP/wordpress/wp-includes/Requests/Utility/CaseInsensitiveDictionary.php on line 82
[17-Feb-2023 07:05:33 UTC] PHP Deprecated:  Return type of Requests_Utility_CaseInsensitiveDictionary::getIterator() should either be compatible with IteratorAggregate::getIterator(): Traversable, or the #[\ReturnTypeWillChange] attribute should be used to temporarily suppress the notice in /var/www/html/deansluyterWP/wordpress/wp-includes/Requests/Utility/CaseInsensitiveDictionary.php on line 91
[17-Feb-2023 07:06:00 UTC] PHP Deprecated:  dirname(): Passing null to parameter #1 ($path) of type string is deprecated in /var/www/html/deansluyterWP/wordpress/wp-content/plugins/gravityforms/includes/addon/class-gf-addon.php on line 6400
[17-Feb-2023 07:06:00 UTC] PHP Deprecated:  basename(): Passing null to parameter #1 ($path) of type string is deprecated in /var/www/html/deansluyterWP/wordpress/wp-content/plugins/gravityforms/includes/addon/class-gf-addon.php on line 6404
[17-Feb-2023 07:06:00 UTC] PHP Deprecated:  Return type of Requests_Cookie_Jar::offsetExists($key) should either be compatible with ArrayAccess::offsetExists(mixed $offset): bool, or the #[\ReturnTypeWillChange] attribute should be used to temporarily suppress the notice in /var/www/html/deansluyterWP/wordpress/wp-includes/Requests/Cookie/Jar.php on line 63
[17-Feb-2023 07:06:00 UTC] PHP Deprecated:  Return type of Requests_Cookie_Jar::offsetGet($key) should either be compatible with ArrayAccess::offsetGet(mixed $offset): mixed, or the #[\ReturnTypeWillChange] attribute should be used to temporarily suppress the notice in /var/www/html/deansluyterWP/wordpress/wp-includes/Requests/Cookie/Jar.php on line 73
[17-Feb-2023 07:06:00 UTC] PHP Deprecated:  Return type of Requests_Cookie_Jar::offsetSet($key, $value) should either be compatible with ArrayAccess::offsetSet(mixed $offset, mixed $value): void, or the #[\ReturnTypeWillChange] attribute should be used to temporarily suppress the notice in /var/www/html/deansluyterWP/wordpress/wp-includes/Requests/Cookie/Jar.php on line 89
[17-Feb-2023 07:06:00 UTC] PHP Deprecated:  Return type of Requests_Cookie_Jar::offsetUnset($key) should either be compatible with ArrayAccess::offsetUnset(mixed $offset): void, or the #[\ReturnTypeWillChange] attribute should be used to temporarily suppress the notice in /var/www/html/deansluyterWP/wordpress/wp-includes/Requests/Cookie/Jar.php on line 102
[17-Feb-2023 07:06:00 UTC] PHP Deprecated:  Return type of Requests_Cookie_Jar::getIterator() should either be compatible with IteratorAggregate::getIterator(): Traversable, or the #[\ReturnTypeWillChange] attribute should be used to temporarily suppress the notice in /var/www/html/deansluyterWP/wordpress/wp-includes/Requests/Cookie/Jar.php on line 111
[17-Feb-2023 07:06:00 UTC] PHP Deprecated:  http_build_query(): Passing null to parameter #2 ($numeric_prefix) of type string is deprecated in /var/www/html/deansluyterWP/wordpress/wp-includes/Requests/Transport/cURL.php on line 345
[17-Feb-2023 07:06:01 UTC] PHP Deprecated:  Return type of Requests_Utility_CaseInsensitiveDictionary::offsetExists($key) should either be compatible with ArrayAccess::offsetExists(mixed $offset): bool, or the #[\ReturnTypeWillChange] attribute should be used to temporarily suppress the notice in /var/www/html/deansluyterWP/wordpress/wp-includes/Requests/Utility/CaseInsensitiveDictionary.php on line 40
[17-Feb-2023 07:06:01 UTC] PHP Deprecated:  Return type of Requests_Utility_CaseInsensitiveDictionary::offsetGet($key) should either be compatible with ArrayAccess::offsetGet(mixed $offset): mixed, or the #[\ReturnTypeWillChange] attribute should be used to temporarily suppress the notice in /var/www/html/deansluyterWP/wordpress/wp-includes/Requests/Utility/CaseInsensitiveDictionary.php on line 51
[17-Feb-2023 07:06:01 UTC] PHP Deprecated:  Return type of Requests_Utility_CaseInsensitiveDictionary::offsetSet($key, $value) should either be compatible with ArrayAccess::offsetSet(mixed $offset, mixed $value): void, or the #[\ReturnTypeWillChange] attribute should be used to temporarily suppress the notice in /var/www/html/deansluyterWP/wordpress/wp-includes/Requests/Utility/CaseInsensitiveDictionary.php on line 68
[17-Feb-2023 07:06:01 UTC] PHP Deprecated:  Return type of Requests_Utility_CaseInsensitiveDictionary::offsetUnset($key) should either be compatible with ArrayAccess::offsetUnset(mixed $offset): void, or the #[\ReturnTypeWillChange] attribute should be used to temporarily suppress the notice in /var/www/html/deansluyterWP/wordpress/wp-includes/Requests/Utility/CaseInsensitiveDictionary.php on line 82
[17-Feb-2023 07:06:01 UTC] PHP Deprecated:  Return type of Requests_Utility_CaseInsensitiveDictionary::getIterator() should either be compatible with IteratorAggregate::getIterator(): Traversable, or the #[\ReturnTypeWillChange] attribute should be used to temporarily suppress the notice in /var/www/html/deansluyterWP/wordpress/wp-includes/Requests/Utility/CaseInsensitiveDictionary.php on line 91
[17-Feb-2023 07:06:08 UTC] PHP Deprecated:  dirname(): Passing null to parameter #1 ($path) of type string is deprecated in /var/www/html/deansluyterWP/wordpress/wp-content/plugins/gravityforms/includes/addon/class-gf-addon.php on line 6400
[17-Feb-2023 07:06:08 UTC] PHP Deprecated:  basename(): Passing null to parameter #1 ($path) of type string is deprecated in /var/www/html/deansluyterWP/wordpress/wp-content/plugins/gravityforms/includes/addon/class-gf-addon.php on line 6404
[17-Feb-2023 07:06:08 UTC] PHP Deprecated:  dirname(): Passing null to parameter #1 ($path) of type string is deprecated in /var/www/html/deansluyterWP/wordpress/wp-content/plugins/gravityforms/includes/addon/class-gf-addon.php on line 6400
[17-Feb-2023 07:06:08 UTC] PHP Deprecated:  basename(): Passing null to parameter #1 ($path) of type string is deprecated in /var/www/html/deansluyterWP/wordpress/wp-content/plugins/gravityforms/includes/addon/class-gf-addon.php on line 6404
[17-Feb-2023 07:06:11 UTC] PHP Deprecated:  dirname(): Passing null to parameter #1 ($path) of type string is deprecated in /var/www/html/deansluyterWP/wordpress/wp-content/plugins/gravityforms/includes/addon/class-gf-addon.php on line 6400
[17-Feb-2023 07:06:11 UTC] PHP Deprecated:  basename(): Passing null to parameter #1 ($path) of type string is deprecated in /var/www/html/deansluyterWP/wordpress/wp-content/plugins/gravityforms/includes/addon/class-gf-addon.php on line 6404
[17-Feb-2023 07:06:11 UTC] PHP Deprecated:  dirname(): Passing null to parameter #1 ($path) of type string is deprecated in /var/www/html/deansluyterWP/wordpress/wp-content/plugins/gravityforms/includes/addon/class-gf-addon.php on line 6400
[17-Feb-2023 07:06:11 UTC] PHP Deprecated:  basename(): Passing null to parameter #1 ($path) of type string is deprecated in /var/www/html/deansluyterWP/wordpress/wp-content/plugins/gravityforms/includes/addon/class-gf-addon.php on line 6404
[17-Feb-2023 07:06:11 UTC] PHP Warning:  include_once(/var/www/html/deansluyterWP/wordpress/wp-content/plugins/constant-contact-forms/vendor/cmb2/cmb2/includes/CMB2_Hookup.php): Failed to open stream: No such file or directory in /var/www/html/deansluyterWP/wordpress/wp-content/plugins/constant-contact-forms/vendor/cmb2/cmb2/includes/helper-functions.php on line 44
[17-Feb-2023 07:06:11 UTC] PHP Warning:  include_once(): Failed opening '/var/www/html/deansluyterWP/wordpress/wp-content/plugins/constant-contact-forms/vendor/cmb2/cmb2/includes/CMB2_Hookup.php' for inclusion (include_path='.:/usr/share/php') in /var/www/html/deansluyterWP/wordpress/wp-content/plugins/constant-contact-forms/vendor/cmb2/cmb2/includes/helper-functions.php on line 44
[17-Feb-2023 07:06:11 UTC] PHP Fatal error:  Uncaught TypeError: call_user_func_array(): Argument #1 ($callback) must be a valid callback, class "CMB2_Hookup" not found in /var/www/html/deansluyterWP/wordpress/wp-includes/class-wp-hook.php:308
Stack trace:
#0 /var/www/html/deansluyterWP/wordpress/wp-includes/class-wp-hook.php(332): WP_Hook->apply_filters()
#1 /var/www/html/deansluyterWP/wordpress/wp-includes/plugin.php(517): WP_Hook->do_action()
#2 /var/www/html/deansluyterWP/wordpress/wp-content/plugins/constant-contact-forms/vendor/cmb2/cmb2/bootstrap.php(75): do_action()
#3 /var/www/html/deansluyterWP/wordpress/wp-content/plugins/constant-contact-forms/vendor/cmb2/cmb2/init.php(165): cmb2_bootstrap()
#4 /var/www/html/deansluyterWP/wordpress/wp-includes/class-wp-hook.php(308): CMB2_Bootstrap_290->include_cmb()
#5 /var/www/html/deansluyterWP/wordpress/wp-includes/class-wp-hook.php(332): WP_Hook->apply_filters()
#6 /var/www/html/deansluyterWP/wordpress/wp-includes/plugin.php(517): WP_Hook->do_action()
#7 /var/www/html/deansluyterWP/wordpress/wp-settings.php(617): do_action()
#8 /var/www/html/deansluyterWP/wordpress/wp-config.php(92): require_once('...')
#9 /var/www/html/deansluyterWP/wordpress/wp-load.php(50): require_once('...')
#10 /var/www/html/deansluyterWP/wordpress/wp-admin/admin.php(34): require_once('...')
#11 /var/www/html/deansluyterWP/wordpress/wp-admin/plugins.php(10): require_once('...')
#12 {main}
  thrown in /var/www/html/deansluyterWP/wordpress/wp-includes/class-wp-hook.php on line 308
[17-Feb-2023 07:06:14 UTC] PHP Deprecated:  dirname(): Passing null to parameter #1 ($path) of type string is deprecated in /var/www/html/deansluyterWP/wordpress/wp-content/plugins/gravityforms/includes/addon/class-gf-addon.php on line 6400
[17-Feb-2023 07:06:14 UTC] PHP Deprecated:  basename(): Passing null to parameter #1 ($path) of type string is deprecated in /var/www/html/deansluyterWP/wordpress/wp-content/plugins/gravityforms/includes/addon/class-gf-addon.php on line 6404
[17-Feb-2023 07:06:14 UTC] PHP Warning:  include_once(/var/www/html/deansluyterWP/wordpress/wp-content/plugins/constant-contact-forms/vendor/cmb2/cmb2/includes/CMB2_Hookup.php): Failed to open stream: No such file or directory in /var/www/html/deansluyterWP/wordpress/wp-content/plugins/constant-contact-forms/vendor/cmb2/cmb2/includes/helper-functions.php on line 44
[17-Feb-2023 07:06:14 UTC] PHP Warning:  include_once(): Failed opening '/var/www/html/deansluyterWP/wordpress/wp-content/plugins/constant-contact-forms/vendor/cmb2/cmb2/includes/CMB2_Hookup.php' for inclusion (include_path='.:/usr/share/php') in /var/www/html/deansluyterWP/wordpress/wp-content/plugins/constant-contact-forms/vendor/cmb2/cmb2/includes/helper-functions.php on line 44
[17-Feb-2023 07:06:14 UTC] PHP Fatal error:  Uncaught TypeError: call_user_func_array(): Argument #1 ($callback) must be a valid callback, class "CMB2_Hookup" not found in /var/www/html/deansluyterWP/wordpress/wp-includes/class-wp-hook.php:308
Stack trace:
#0 /var/www/html/deansluyterWP/wordpress/wp-includes/class-wp-hook.php(332): WP_Hook->apply_filters()
#1 /var/www/html/deansluyterWP/wordpress/wp-includes/plugin.php(517): WP_Hook->do_action()
#2 /var/www/html/deansluyterWP/wordpress/wp-content/plugins/constant-contact-forms/vendor/cmb2/cmb2/bootstrap.php(75): do_action()
#3 /var/www/html/deansluyterWP/wordpress/wp-content/plugins/constant-contact-forms/vendor/cmb2/cmb2/init.php(165): cmb2_bootstrap()
#4 /var/www/html/deansluyterWP/wordpress/wp-includes/class-wp-hook.php(308): CMB2_Bootstrap_290->include_cmb()
#5 /var/www/html/deansluyterWP/wordpress/wp-includes/class-wp-hook.php(332): WP_Hook->apply_filters()
#6 /var/www/html/deansluyterWP/wordpress/wp-includes/plugin.php(517): WP_Hook->do_action()
#7 /var/www/html/deansluyterWP/wordpress/wp-settings.php(617): do_action()
#8 /var/www/html/deansluyterWP/wordpress/wp-config.php(92): require_once('...')
#9 /var/www/html/deansluyterWP/wordpress/wp-load.php(50): require_once('...')
#10 /var/www/html/deansluyterWP/wordpress/wp-admin/admin.php(34): require_once('...')
#11 /var/www/html/deansluyterWP/wordpress/wp-admin/plugins.php(10): require_once('...')
#12 {main}
  thrown in /var/www/html/deansluyterWP/wordpress/wp-includes/class-wp-hook.php on line 308
[17-Feb-2023 07:07:20 UTC] PHP Deprecated:  dirname(): Passing null to parameter #1 ($path) of type string is deprecated in /var/www/html/deansluyterWP/wordpress/wp-content/plugins/gravityforms/includes/addon/class-gf-addon.php on line 6400
[17-Feb-2023 07:07:20 UTC] PHP Deprecated:  basename(): Passing null to parameter #1 ($path) of type string is deprecated in /var/www/html/deansluyterWP/wordpress/wp-content/plugins/gravityforms/includes/addon/class-gf-addon.php on line 6404
[17-Feb-2023 07:07:20 UTC] PHP Deprecated:  Constant FILTER_SANITIZE_STRING is deprecated in /var/www/html/deansluyterWP/wordpress/wp-content/plugins/constant-contact-forms/includes/class-settings.php on line 772
[17-Feb-2023 07:07:50 UTC] PHP Deprecated:  dirname(): Passing null to parameter #1 ($path) of type string is deprecated in /var/www/html/deansluyterWP/wordpress/wp-content/plugins/gravityforms/includes/addon/class-gf-addon.php on line 6400
[17-Feb-2023 07:07:50 UTC] PHP Deprecated:  basename(): Passing null to parameter #1 ($path) of type string is deprecated in /var/www/html/deansluyterWP/wordpress/wp-content/plugins/gravityforms/includes/addon/class-gf-addon.php on line 6404
[17-Feb-2023 07:07:50 UTC] PHP Deprecated:  Constant FILTER_SANITIZE_STRING is deprecated in /var/www/html/deansluyterWP/wordpress/wp-content/plugins/constant-contact-forms/includes/class-settings.php on line 772
[17-Feb-2023 07:10:58 UTC] PHP Deprecated:  dirname(): Passing null to parameter #1 ($path) of type string is deprecated in /var/www/html/deansluyterWP/wordpress/wp-content/plugins/gravityforms/includes/addon/class-gf-addon.php on line 6400
[17-Feb-2023 07:10:58 UTC] PHP Deprecated:  basename(): Passing null to parameter #1 ($path) of type string is deprecated in /var/www/html/deansluyterWP/wordpress/wp-content/plugins/gravityforms/includes/addon/class-gf-addon.php on line 6404
[17-Feb-2023 07:10:58 UTC] PHP Deprecated:  Return type of Requests_Cookie_Jar::offsetExists($key) should either be compatible with ArrayAccess::offsetExists(mixed $offset): bool, or the #[\ReturnTypeWillChange] attribute should be used to temporarily suppress the notice in /var/www/html/deansluyterWP/wordpress/wp-includes/Requests/Cookie/Jar.php on line 63
[17-Feb-2023 07:10:58 UTC] PHP Deprecated:  Return type of Requests_Cookie_Jar::offsetGet($key) should either be compatible with ArrayAccess::offsetGet(mixed $offset): mixed, or the #[\ReturnTypeWillChange] attribute should be used to temporarily suppress the notice in /var/www/html/deansluyterWP/wordpress/wp-includes/Requests/Cookie/Jar.php on line 73
[17-Feb-2023 07:10:58 UTC] PHP Deprecated:  Return type of Requests_Cookie_Jar::offsetSet($key, $value) should either be compatible with ArrayAccess::offsetSet(mixed $offset, mixed $value): void, or the #[\ReturnTypeWillChange] attribute should be used to temporarily suppress the notice in /var/www/html/deansluyterWP/wordpress/wp-includes/Requests/Cookie/Jar.php on line 89
[17-Feb-2023 07:10:58 UTC] PHP Deprecated:  Return type of Requests_Cookie_Jar::offsetUnset($key) should either be compatible with ArrayAccess::offsetUnset(mixed $offset): void, or the #[\ReturnTypeWillChange] attribute should be used to temporarily suppress the notice in /var/www/html/deansluyterWP/wordpress/wp-includes/Requests/Cookie/Jar.php on line 102
[17-Feb-2023 07:10:58 UTC] PHP Deprecated:  Return type of Requests_Cookie_Jar::getIterator() should either be compatible with IteratorAggregate::getIterator(): Traversable, or the #[\ReturnTypeWillChange] attribute should be used to temporarily suppress the notice in /var/www/html/deansluyterWP/wordpress/wp-includes/Requests/Cookie/Jar.php on line 111
[17-Feb-2023 07:10:58 UTC] PHP Deprecated:  dirname(): Passing null to parameter #1 ($path) of type string is deprecated in /var/www/html/deansluyterWP/wordpress/wp-content/plugins/gravityforms/includes/addon/class-gf-addon.php on line 6400
[17-Feb-2023 07:10:58 UTC] PHP Deprecated:  basename(): Passing null to parameter #1 ($path) of type string is deprecated in /var/www/html/deansluyterWP/wordpress/wp-content/plugins/gravityforms/includes/addon/class-gf-addon.php on line 6404
[17-Feb-2023 07:10:58 UTC] PHP Deprecated:  Return type of Requests_Utility_CaseInsensitiveDictionary::offsetExists($key) should either be compatible with ArrayAccess::offsetExists(mixed $offset): bool, or the #[\ReturnTypeWillChange] attribute should be used to temporarily suppress the notice in /var/www/html/deansluyterWP/wordpress/wp-includes/Requests/Utility/CaseInsensitiveDictionary.php on line 40
[17-Feb-2023 07:10:58 UTC] PHP Deprecated:  Return type of Requests_Utility_CaseInsensitiveDictionary::offsetGet($key) should either be compatible with ArrayAccess::offsetGet(mixed $offset): mixed, or the #[\ReturnTypeWillChange] attribute should be used to temporarily suppress the notice in /var/www/html/deansluyterWP/wordpress/wp-includes/Requests/Utility/CaseInsensitiveDictionary.php on line 51
[17-Feb-2023 07:10:58 UTC] PHP Deprecated:  Return type of Requests_Utility_CaseInsensitiveDictionary::offsetSet($key, $value) should either be compatible with ArrayAccess::offsetSet(mixed $offset, mixed $value): void, or the #[\ReturnTypeWillChange] attribute should be used to temporarily suppress the notice in /var/www/html/deansluyterWP/wordpress/wp-includes/Requests/Utility/CaseInsensitiveDictionary.php on line 68
[17-Feb-2023 07:10:58 UTC] PHP Deprecated:  Return type of Requests_Utility_CaseInsensitiveDictionary::offsetUnset($key) should either be compatible with ArrayAccess::offsetUnset(mixed $offset): void, or the #[\ReturnTypeWillChange] attribute should be used to temporarily suppress the notice in /var/www/html/deansluyterWP/wordpress/wp-includes/Requests/Utility/CaseInsensitiveDictionary.php on line 82
[17-Feb-2023 07:10:58 UTC] PHP Deprecated:  Return type of Requests_Utility_CaseInsensitiveDictionary::getIterator() should either be compatible with IteratorAggregate::getIterator(): Traversable, or the #[\ReturnTypeWillChange] attribute should be used to temporarily suppress the notice in /var/www/html/deansluyterWP/wordpress/wp-includes/Requests/Utility/CaseInsensitiveDictionary.php on line 91
[17-Feb-2023 07:10:58 UTC] PHP Deprecated:  preg_replace(): Passing null to parameter #3 ($subject) of type array|string is deprecated in /var/www/html/deansluyterWP/wordpress/wp-includes/formatting.php on line 5397
[17-Feb-2023 07:10:58 UTC] PHP Deprecated:  trim(): Passing null to parameter #1 ($string) of type string is deprecated in /var/www/html/deansluyterWP/wordpress/wp-includes/pluggable.php on line 598
[17-Feb-2023 07:10:58 UTC] PHP Deprecated:  Constant FILTER_SANITIZE_STRING is deprecated in /var/www/html/deansluyterWP/wordpress/wp-content/plugins/constant-contact-forms/includes/class-settings.php on line 772
[17-Feb-2023 07:10:59 UTC] PHP Deprecated:  dirname(): Passing null to parameter #1 ($path) of type string is deprecated in /var/www/html/deansluyterWP/wordpress/wp-content/plugins/gravityforms/includes/addon/class-gf-addon.php on line 6400
[17-Feb-2023 07:10:59 UTC] PHP Deprecated:  basename(): Passing null to parameter #1 ($path) of type string is deprecated in /var/www/html/deansluyterWP/wordpress/wp-content/plugins/gravityforms/includes/addon/class-gf-addon.php on line 6404
[17-Feb-2023 07:10:59 UTC] PHP Deprecated:  Constant FILTER_SANITIZE_STRING is deprecated in /var/www/html/deansluyterWP/wordpress/wp-content/plugins/constant-contact-forms/includes/class-settings.php on line 772
[17-Feb-2023 07:11:32 UTC] PHP Deprecated:  dirname(): Passing null to parameter #1 ($path) of type string is deprecated in /var/www/html/deansluyterWP/wordpress/wp-content/plugins/gravityforms/includes/addon/class-gf-addon.php on line 6400
[17-Feb-2023 07:11:32 UTC] PHP Deprecated:  basename(): Passing null to parameter #1 ($path) of type string is deprecated in /var/www/html/deansluyterWP/wordpress/wp-content/plugins/gravityforms/includes/addon/class-gf-addon.php on line 6404
[17-Feb-2023 07:11:32 UTC] PHP Deprecated:  Return type of Requests_Cookie_Jar::offsetExists($key) should either be compatible with ArrayAccess::offsetExists(mixed $offset): bool, or the #[\ReturnTypeWillChange] attribute should be used to temporarily suppress the notice in /var/www/html/deansluyterWP/wordpress/wp-includes/Requests/Cookie/Jar.php on line 63
[17-Feb-2023 07:11:32 UTC] PHP Deprecated:  Return type of Requests_Cookie_Jar::offsetGet($key) should either be compatible with ArrayAccess::offsetGet(mixed $offset): mixed, or the #[\ReturnTypeWillChange] attribute should be used to temporarily suppress the notice in /var/www/html/deansluyterWP/wordpress/wp-includes/Requests/Cookie/Jar.php on line 73
[17-Feb-2023 07:11:32 UTC] PHP Deprecated:  Return type of Requests_Cookie_Jar::offsetSet($key, $value) should either be compatible with ArrayAccess::offsetSet(mixed $offset, mixed $value): void, or the #[\ReturnTypeWillChange] attribute should be used to temporarily suppress the notice in /var/www/html/deansluyterWP/wordpress/wp-includes/Requests/Cookie/Jar.php on line 89
[17-Feb-2023 07:11:32 UTC] PHP Deprecated:  Return type of Requests_Cookie_Jar::offsetUnset($key) should either be compatible with ArrayAccess::offsetUnset(mixed $offset): void, or the #[\ReturnTypeWillChange] attribute should be used to temporarily suppress the notice in /var/www/html/deansluyterWP/wordpress/wp-includes/Requests/Cookie/Jar.php on line 102
[17-Feb-2023 07:11:32 UTC] PHP Deprecated:  Return type of Requests_Cookie_Jar::getIterator() should either be compatible with IteratorAggregate::getIterator(): Traversable, or the #[\ReturnTypeWillChange] attribute should be used to temporarily suppress the notice in /var/www/html/deansluyterWP/wordpress/wp-includes/Requests/Cookie/Jar.php on line 111
[17-Feb-2023 07:11:32 UTC] PHP Deprecated:  dirname(): Passing null to parameter #1 ($path) of type string is deprecated in /var/www/html/deansluyterWP/wordpress/wp-content/plugins/gravityforms/includes/addon/class-gf-addon.php on line 6400
[17-Feb-2023 07:11:32 UTC] PHP Deprecated:  basename(): Passing null to parameter #1 ($path) of type string is deprecated in /var/www/html/deansluyterWP/wordpress/wp-content/plugins/gravityforms/includes/addon/class-gf-addon.php on line 6404
[17-Feb-2023 07:11:32 UTC] PHP Deprecated:  Return type of Requests_Utility_CaseInsensitiveDictionary::offsetExists($key) should either be compatible with ArrayAccess::offsetExists(mixed $offset): bool, or the #[\ReturnTypeWillChange] attribute should be used to temporarily suppress the notice in /var/www/html/deansluyterWP/wordpress/wp-includes/Requests/Utility/CaseInsensitiveDictionary.php on line 40
[17-Feb-2023 07:11:32 UTC] PHP Deprecated:  Return type of Requests_Utility_CaseInsensitiveDictionary::offsetGet($key) should either be compatible with ArrayAccess::offsetGet(mixed $offset): mixed, or the #[\ReturnTypeWillChange] attribute should be used to temporarily suppress the notice in /var/www/html/deansluyterWP/wordpress/wp-includes/Requests/Utility/CaseInsensitiveDictionary.php on line 51
[17-Feb-2023 07:11:32 UTC] PHP Deprecated:  Return type of Requests_Utility_CaseInsensitiveDictionary::offsetSet($key, $value) should either be compatible with ArrayAccess::offsetSet(mixed $offset, mixed $value): void, or the #[\ReturnTypeWillChange] attribute should be used to temporarily suppress the notice in /var/www/html/deansluyterWP/wordpress/wp-includes/Requests/Utility/CaseInsensitiveDictionary.php on line 68
[17-Feb-2023 07:11:32 UTC] PHP Deprecated:  Return type of Requests_Utility_CaseInsensitiveDictionary::offsetUnset($key) should either be compatible with ArrayAccess::offsetUnset(mixed $offset): void, or the #[\ReturnTypeWillChange] attribute should be used to temporarily suppress the notice in /var/www/html/deansluyterWP/wordpress/wp-includes/Requests/Utility/CaseInsensitiveDictionary.php on line 82
[17-Feb-2023 07:11:32 UTC] PHP Deprecated:  Return type of Requests_Utility_CaseInsensitiveDictionary::getIterator() should either be compatible with IteratorAggregate::getIterator(): Traversable, or the #[\ReturnTypeWillChange] attribute should be used to temporarily suppress the notice in /var/www/html/deansluyterWP/wordpress/wp-includes/Requests/Utility/CaseInsensitiveDictionary.php on line 91
[17-Feb-2023 07:11:32 UTC] PHP Deprecated:  dirname(): Passing null to parameter #1 ($path) of type string is deprecated in /var/www/html/deansluyterWP/wordpress/wp-content/plugins/gravityforms/includes/addon/class-gf-addon.php on line 6400
[17-Feb-2023 07:11:32 UTC] PHP Deprecated:  basename(): Passing null to parameter #1 ($path) of type string is deprecated in /var/www/html/deansluyterWP/wordpress/wp-content/plugins/gravityforms/includes/addon/class-gf-addon.php on line 6404
[17-Feb-2023 07:11:32 UTC] PHP Deprecated:  preg_replace(): Passing null to parameter #3 ($subject) of type array|string is deprecated in /var/www/html/deansluyterWP/wordpress/wp-includes/formatting.php on line 5397
[17-Feb-2023 07:11:32 UTC] PHP Deprecated:  trim(): Passing null to parameter #1 ($string) of type string is deprecated in /var/www/html/deansluyterWP/wordpress/wp-includes/pluggable.php on line 598
[17-Feb-2023 07:11:35 UTC] PHP Deprecated:  dirname(): Passing null to parameter #1 ($path) of type string is deprecated in /var/www/html/deansluyterWP/wordpress/wp-content/plugins/gravityforms/includes/addon/class-gf-addon.php on line 6400
[17-Feb-2023 07:11:35 UTC] PHP Deprecated:  basename(): Passing null to parameter #1 ($path) of type string is deprecated in /var/www/html/deansluyterWP/wordpress/wp-content/plugins/gravityforms/includes/addon/class-gf-addon.php on line 6404
[17-Feb-2023 07:11:35 UTC] PHP Deprecated:  dirname(): Passing null to parameter #1 ($path) of type string is deprecated in /var/www/html/deansluyterWP/wordpress/wp-content/plugins/gravityforms/includes/addon/class-gf-addon.php on line 6400
[17-Feb-2023 07:11:35 UTC] PHP Deprecated:  basename(): Passing null to parameter #1 ($path) of type string is deprecated in /var/www/html/deansluyterWP/wordpress/wp-content/plugins/gravityforms/includes/addon/class-gf-addon.php on line 6404
[17-Feb-2023 07:11:35 UTC] PHP Deprecated:  Return type of Requests_Cookie_Jar::offsetExists($key) should either be compatible with ArrayAccess::offsetExists(mixed $offset): bool, or the #[\ReturnTypeWillChange] attribute should be used to temporarily suppress the notice in /var/www/html/deansluyterWP/wordpress/wp-includes/Requests/Cookie/Jar.php on line 63
[17-Feb-2023 07:11:35 UTC] PHP Deprecated:  Return type of Requests_Cookie_Jar::offsetGet($key) should either be compatible with ArrayAccess::offsetGet(mixed $offset): mixed, or the #[\ReturnTypeWillChange] attribute should be used to temporarily suppress the notice in /var/www/html/deansluyterWP/wordpress/wp-includes/Requests/Cookie/Jar.php on line 73
[17-Feb-2023 07:11:35 UTC] PHP Deprecated:  Return type of Requests_Cookie_Jar::offsetSet($key, $value) should either be compatible with ArrayAccess::offsetSet(mixed $offset, mixed $value): void, or the #[\ReturnTypeWillChange] attribute should be used to temporarily suppress the notice in /var/www/html/deansluyterWP/wordpress/wp-includes/Requests/Cookie/Jar.php on line 89
[17-Feb-2023 07:11:35 UTC] PHP Deprecated:  Return type of Requests_Cookie_Jar::offsetUnset($key) should either be compatible with ArrayAccess::offsetUnset(mixed $offset): void, or the #[\ReturnTypeWillChange] attribute should be used to temporarily suppress the notice in /var/www/html/deansluyterWP/wordpress/wp-includes/Requests/Cookie/Jar.php on line 102
[17-Feb-2023 07:11:35 UTC] PHP Deprecated:  Return type of Requests_Cookie_Jar::getIterator() should either be compatible with IteratorAggregate::getIterator(): Traversable, or the #[\ReturnTypeWillChange] attribute should be used to temporarily suppress the notice in /var/www/html/deansluyterWP/wordpress/wp-includes/Requests/Cookie/Jar.php on line 111
[17-Feb-2023 07:11:35 UTC] PHP Deprecated:  http_build_query(): Passing null to parameter #2 ($numeric_prefix) of type string is deprecated in /var/www/html/deansluyterWP/wordpress/wp-includes/Requests/Transport/cURL.php on line 345
[17-Feb-2023 07:11:35 UTC] PHP Deprecated:  Return type of Requests_Utility_CaseInsensitiveDictionary::offsetExists($key) should either be compatible with ArrayAccess::offsetExists(mixed $offset): bool, or the #[\ReturnTypeWillChange] attribute should be used to temporarily suppress the notice in /var/www/html/deansluyterWP/wordpress/wp-includes/Requests/Utility/CaseInsensitiveDictionary.php on line 40
[17-Feb-2023 07:11:35 UTC] PHP Deprecated:  Return type of Requests_Utility_CaseInsensitiveDictionary::offsetGet($key) should either be compatible with ArrayAccess::offsetGet(mixed $offset): mixed, or the #[\ReturnTypeWillChange] attribute should be used to temporarily suppress the notice in /var/www/html/deansluyterWP/wordpress/wp-includes/Requests/Utility/CaseInsensitiveDictionary.php on line 51
[17-Feb-2023 07:11:35 UTC] PHP Deprecated:  Return type of Requests_Utility_CaseInsensitiveDictionary::offsetSet($key, $value) should either be compatible with ArrayAccess::offsetSet(mixed $offset, mixed $value): void, or the #[\ReturnTypeWillChange] attribute should be used to temporarily suppress the notice in /var/www/html/deansluyterWP/wordpress/wp-includes/Requests/Utility/CaseInsensitiveDictionary.php on line 68
[17-Feb-2023 07:11:35 UTC] PHP Deprecated:  Return type of Requests_Utility_CaseInsensitiveDictionary::offsetUnset($key) should either be compatible with ArrayAccess::offsetUnset(mixed $offset): void, or the #[\ReturnTypeWillChange] attribute should be used to temporarily suppress the notice in /var/www/html/deansluyterWP/wordpress/wp-includes/Requests/Utility/CaseInsensitiveDictionary.php on line 82
[17-Feb-2023 07:11:35 UTC] PHP Deprecated:  Return type of Requests_Utility_CaseInsensitiveDictionary::getIterator() should either be compatible with IteratorAggregate::getIterator(): Traversable, or the #[\ReturnTypeWillChange] attribute should be used to temporarily suppress the notice in /var/www/html/deansluyterWP/wordpress/wp-includes/Requests/Utility/CaseInsensitiveDictionary.php on line 91
[17-Feb-2023 07:11:35 UTC] Beaver Builder: URL change detected, cache cleared.
[17-Feb-2023 07:11:37 UTC] PHP Deprecated:  dirname(): Passing null to parameter #1 ($path) of type string is deprecated in /var/www/html/deansluyterWP/wordpress/wp-content/plugins/gravityforms/includes/addon/class-gf-addon.php on line 6400
[17-Feb-2023 07:11:37 UTC] PHP Deprecated:  basename(): Passing null to parameter #1 ($path) of type string is deprecated in /var/www/html/deansluyterWP/wordpress/wp-content/plugins/gravityforms/includes/addon/class-gf-addon.php on line 6404
[17-Feb-2023 07:11:37 UTC] PHP Deprecated:  Return type of Requests_Cookie_Jar::offsetExists($key) should either be compatible with ArrayAccess::offsetExists(mixed $offset): bool, or the #[\ReturnTypeWillChange] attribute should be used to temporarily suppress the notice in /var/www/html/deansluyterWP/wordpress/wp-includes/Requests/Cookie/Jar.php on line 63
[17-Feb-2023 07:11:37 UTC] PHP Deprecated:  Return type of Requests_Cookie_Jar::offsetGet($key) should either be compatible with ArrayAccess::offsetGet(mixed $offset): mixed, or the #[\ReturnTypeWillChange] attribute should be used to temporarily suppress the notice in /var/www/html/deansluyterWP/wordpress/wp-includes/Requests/Cookie/Jar.php on line 73
[17-Feb-2023 07:11:37 UTC] PHP Deprecated:  Return type of Requests_Cookie_Jar::offsetSet($key, $value) should either be compatible with ArrayAccess::offsetSet(mixed $offset, mixed $value): void, or the #[\ReturnTypeWillChange] attribute should be used to temporarily suppress the notice in /var/www/html/deansluyterWP/wordpress/wp-includes/Requests/Cookie/Jar.php on line 89
[17-Feb-2023 07:11:37 UTC] PHP Deprecated:  Return type of Requests_Cookie_Jar::offsetUnset($key) should either be compatible with ArrayAccess::offsetUnset(mixed $offset): void, or the #[\ReturnTypeWillChange] attribute should be used to temporarily suppress the notice in /var/www/html/deansluyterWP/wordpress/wp-includes/Requests/Cookie/Jar.php on line 102
[17-Feb-2023 07:11:37 UTC] PHP Deprecated:  Return type of Requests_Cookie_Jar::getIterator() should either be compatible with IteratorAggregate::getIterator(): Traversable, or the #[\ReturnTypeWillChange] attribute should be used to temporarily suppress the notice in /var/www/html/deansluyterWP/wordpress/wp-includes/Requests/Cookie/Jar.php on line 111
[17-Feb-2023 07:11:37 UTC] PHP Deprecated:  http_build_query(): Passing null to parameter #2 ($numeric_prefix) of type string is deprecated in /var/www/html/deansluyterWP/wordpress/wp-includes/Requests/Transport/cURL.php on line 530
[17-Feb-2023 07:11:37 UTC] PHP Deprecated:  Return type of Requests_Utility_CaseInsensitiveDictionary::offsetExists($key) should either be compatible with ArrayAccess::offsetExists(mixed $offset): bool, or the #[\ReturnTypeWillChange] attribute should be used to temporarily suppress the notice in /var/www/html/deansluyterWP/wordpress/wp-includes/Requests/Utility/CaseInsensitiveDictionary.php on line 40
[17-Feb-2023 07:11:37 UTC] PHP Deprecated:  Return type of Requests_Utility_CaseInsensitiveDictionary::offsetGet($key) should either be compatible with ArrayAccess::offsetGet(mixed $offset): mixed, or the #[\ReturnTypeWillChange] attribute should be used to temporarily suppress the notice in /var/www/html/deansluyterWP/wordpress/wp-includes/Requests/Utility/CaseInsensitiveDictionary.php on line 51
[17-Feb-2023 07:11:37 UTC] PHP Deprecated:  Return type of Requests_Utility_CaseInsensitiveDictionary::offsetSet($key, $value) should either be compatible with ArrayAccess::offsetSet(mixed $offset, mixed $value): void, or the #[\ReturnTypeWillChange] attribute should be used to temporarily suppress the notice in /var/www/html/deansluyterWP/wordpress/wp-includes/Requests/Utility/CaseInsensitiveDictionary.php on line 68
[17-Feb-2023 07:11:37 UTC] PHP Deprecated:  Return type of Requests_Utility_CaseInsensitiveDictionary::offsetUnset($key) should either be compatible with ArrayAccess::offsetUnset(mixed $offset): void, or the #[\ReturnTypeWillChange] attribute should be used to temporarily suppress the notice in /var/www/html/deansluyterWP/wordpress/wp-includes/Requests/Utility/CaseInsensitiveDictionary.php on line 82
[17-Feb-2023 07:11:37 UTC] PHP Deprecated:  Return type of Requests_Utility_CaseInsensitiveDictionary::getIterator() should either be compatible with IteratorAggregate::getIterator(): Traversable, or the #[\ReturnTypeWillChange] attribute should be used to temporarily suppress the notice in /var/www/html/deansluyterWP/wordpress/wp-includes/Requests/Utility/CaseInsensitiveDictionary.php on line 91
